Arguments: 
  /home/v/.nvm/versions/node/v19.2.0/bin/node /home/v/.nvm/versions/node/v19.2.0/bin/yarn add [200~react-resizable-panels~

PATH: 
  /home/v/.nvm/versions/node/v19.2.0/bin:/home/v/.cargo/bin:/home/v/.local/bin:/usr/local/sbin:/usr/local/bin:/usr/sbin:/usr/bin:/sbin:/bin:/usr/games:/usr/local/games:/snap/bin:/snap/bin

Yarn version: 
  1.22.19

Node version: 
  19.2.0

Platform: 
  linux x64

Trace: 
  TypeError [ERR_UNESCAPED_CHARACTERS]: https://registry.yarnpkg.com/[200~react-resizable-panels~: Request path contains unescaped characters
      at new NodeError (node:internal/errors:393:5)
      at new ClientRequest (node:_http_client:178:13)
      at Object.request (node:https:360:10)
      at module.exports.Request.start (/home/v/.nvm/versions/node/v19.2.0/lib/node_modules/yarn/lib/cli.js:141452:32)
      at module.exports.Request.end (/home/v/.nvm/versions/node/v19.2.0/lib/node_modules/yarn/lib/cli.js:142211:10)
      at end (/home/v/.nvm/versions/node/v19.2.0/lib/node_modules/yarn/lib/cli.js:141265:14)
      at Immediate.<anonymous> (/home/v/.nvm/versions/node/v19.2.0/lib/node_modules/yarn/lib/cli.js:141279:7)
      at process.processImmediate (node:internal/timers:471:21)

npm manifest: 
  No manifest

yarn manifest: 
  No manifest

Lockfile: 
  No lockfile
